Arguments: 
  C:\Program Files\nodejs\node.exe C:\Users\roshn\AppData\Roaming\npm\node_modules\yarn\bin\yarn.js add babel-preset-react@6.24.1 babel-preset-env@1.5.2

PATH: 
  C:\ProgramData\Oracle\Java\javapath;C:\WINDOWS\system32;C:\WINDOWS;C:\WINDOWS\System32\Wbem;C:\WINDOWS\System32\WindowsPowerShell\v1.0\;C:\WINDOWS\system32\config\systemprofile\.dnx\bin;C:\Program Files\Microsoft DNX\Dnvm\;C:\Program Files\Microsoft SQL Server\130\Tools\Binn\;C:\Program Files (x86)\mingw-w64\i686-6.2.0-posix-dwarf-rt_v5-rev1\mingw32\bin;C:\Program Files\CMake\bin;C:\Program Files (x86)\Windows Kits\8.1\Windows Performance Toolkit\;C:\Program Files\Git\cmd;C:\Program Files (x86)\Java\jre1.8.0_111;C:\Program Files\Java\jdk1.8.0_111\bin;C:\HashiCorp\Vagrant\bin;C:\Program Files\Intel\WiFi\bin\;C:\Program Files\Common Files\Intel\WirelessCommon\;C:\Program Files\IBM\SPSS\Statistics\25\JRE\bin;C:\Program Files\MySQL\MySQL Utilities 1.6\;C:\Program Files\MySQL\MySQL Server 5.7\bin;C:\Python27;C:\Program Files\MiKTeX 2.9\miktex\bin\x64\;C:\Python27\Lib\site-packages;C:\Python27\Scripts;C:\Program Files\PuTTY\;C:\Program Files\nodejs\;C:\Users\roshn\AppData\Local\Microsoft\WindowsApps;C:\Program Files\Intel\WiFi\bin\;C:\Program Files\Common Files\Intel\WirelessCommon\;C:\Program Files\Microsoft VS Code\bin;C:\MinGW\bin;C:\Users\roshn\AppData\Local\atom\bin;;C:\Users\roshn\AppData\Local\Microsoft\WindowsApps;C:\Users\roshn\AppData\Roaming\npm

Yarn version: 
  1.7.0

Node version: 
  10.5.0

Platform: 
  win32 x64

Trace: 
  SyntaxError: E:\Masters Study\App with React\Study Tracker\package.json: Unexpected token / in JSON at position 0
      at JSON.parse (<anonymous>)
      at C:\Users\roshn\AppData\Roaming\npm\node_modules\yarn\lib\cli.js:1130:59
      at Generator.next (<anonymous>)
      at step (C:\Users\roshn\AppData\Roaming\npm\node_modules\yarn\lib\cli.js:98:30)
      at C:\Users\roshn\AppData\Roaming\npm\node_modules\yarn\lib\cli.js:109:13

npm manifest: 
  // add all dependencies needed for app to run
  {
    "name": "study-tracker",
    "version": "1.0.0",
    "main": "index.js",
    "author": "Roshni Jain",
    "license": "MIT"
  }

yarn manifest: 
  No manifest

Lockfile: 
  No lockfile
